<?xml version="1.0" encoding="utf-8"?><testsuites name="pytest tests"><testsuite name="pytest" errors="0" failures="1" skipped="1" tests="20" time="5.498" timestamp="2026-08-24T19:04:45.766387+00:00" hostname="agent-env-d5d7e37d-a357-4e91-bd53-d7f88c7279a7"><testcase classname="tests.backend_test.TestAuth" name="test_register_normalises_email" time="0.739" /><testcase classname="tests.backend_test.TestExecution" name="test_webhook_pass" time="1.304" /><testcase classname="tests.backend_test.TestAuth" name="test_register_duplicate" time="0.581" /><testcase classname="tests.backend_test.TestExecution" name="test_webhook_unknown_secret" time="0.164" /><testcase classname="tests.backend_test.TestAuth" name="test_login_success" time="0.442" /><testcase classname="tests.backend_test.TestExecution" name="test_manual_run" time="1.825" /><testcase classname="tests.backend_test.TestAuth" name="test_login_wrong_password" time="0.395" /><testcase classname="tests.backend_test.TestAuth" name="test_login_missing_user" time="0.131" /><testcase classname="tests.backend_test.TestAuth" name="test_me_with_token" time="0.182"><failure message="AssertionError: assert 'test_a_ec0f057d@example.com' == 'TEST_a_ec0f057d@example.com'&#10;  &#10;  - TEST_a_ec0f057d@example.com&#10;  ? ^^^^&#10;  + test_a_ec0f057d@example.com&#10;  ? ^^^^">backend/tests/backend_test.py:68: in test_me_with_token
    assert data["email"] == user_a["email"]
E   AssertionError: assert 'test_a_ec0f057d@example.com' == 'TEST_a_ec0f057d@example.com'
E     
E     - TEST_a_ec0f057d@example.com
E     ? ^^^^
E     + test_a_ec0f057d@example.com
E     ? ^^^^</failure></testcase><testcase classname="tests.backend_test.TestAuth" name="test_me_without_token" time="0.212" /><testcase classname="tests.backend_test.TestChecks" name="test_create_check_with_token_masks" time="0.177" /><testcase classname="tests.backend_test.TestChecks" name="test_create_check_no_token" time="0.168" /><testcase classname="tests.backend_test.TestChecks" name="test_list_hides_webhook_secret" time="0.123" /><testcase classname="tests.backend_test.TestChecks" name="test_get_check_returns_webhook_secret" time="0.203" /><testcase classname="tests.backend_test.TestExecution" name="test_verdict_missing_required_field" time="0.679" /><testcase classname="tests.backend_test.TestChecks" name="test_user_isolation" time="0.515" /><testcase classname="tests.backend_test.TestChecks" name="test_patch_preserves_token" time="0.163" /><testcase classname="tests.backend_test.TestExecution" name="test_verdict_wrong_json_path" time="0.407" /><testcase classname="tests.backend_test.TestExecution" name="test_verdict_non_empty_field_empty" time="0.000"><skipped type="pytest.skip" message="No public endpoint reliably provides empty field in newest record for this assertion">/app/backend/tests/backend_test.py:207: No public endpoint reliably provides empty field in newest record for this assertion</skipped></testcase><testcase classname="tests.backend_test.TestExecution" name="test_delete_check" time="0.572" /></testsuite></testsuites>